Loading plugins phase: Elapsed time ==> 0s.119ms
<CYPRESSTAG name="CyDsfit arguments...">
cydsfit arguments: -.fdsnotice -.fdswarpdepfile=warp_dependencies.txt -.fdselabdepfile=elab_dependencies.txt -.fdsbldfile=generated_files.txt -.fdsreffile=referenced_files.txt -p C:\Users\Sebas\Desktop\Drone_Sensor_juistewaarden.cydsn\Drone_Sensor_juistewaarden.cyprj -d CY8C4245AXI-483 -s C:\Users\Sebas\Desktop\Drone_Sensor_juistewaarden.cydsn\Generated_Source\PSoC4 -- -yv2 -q10 -ygs -o2 -v3 -.fftcfgtype=LE
</CYPRESSTAG>
<CYPRESSTAG name="Design elaboration results...">
</CYPRESSTAG>
Elaboration phase: Elapsed time ==> 1s.395ms
<CYPRESSTAG name="HDL generation results...">
</CYPRESSTAG>
HDL generation phase: Elapsed time ==> 0s.034ms
<CYPRESSTAG name="Synthesis results...">

     | | | | | | |
   _________________
  -|               |-
  -|               |-
  -|               |-
  -|    CYPRESS    |-
  -|               |-
  -|               |-   Warp Verilog Synthesis Compiler: Version 6.3 IR 41
  -|               |-   Copyright (C) 1991-2001 Cypress Semiconductor
   |_______________|
     | | | | | | |

======================================================================
Compiling:  Drone_Sensor_juistewaarden.v
Program  :   D:\PSOC\PSoC Creator\4.1\PSoC Creator\warp\bin\warp.exe
Options  :    -yv2 -q10 -ygs -o2 -v3 -.fftcfgtype=LE -ya -.fftprj=C:\Users\Sebas\Desktop\Drone_Sensor_juistewaarden.cydsn\Drone_Sensor_juistewaarden.cyprj -dcpsoc3 Drone_Sensor_juistewaarden.v -verilog
======================================================================

======================================================================
Compiling:  Drone_Sensor_juistewaarden.v
Program  :   D:\PSOC\PSoC Creator\4.1\PSoC Creator\warp\bin\warp.exe
Options  :    -yv2 -q10 -ygs -o2 -v3 -.fftcfgtype=LE -ya -.fftprj=C:\Users\Sebas\Desktop\Drone_Sensor_juistewaarden.cydsn\Drone_Sensor_juistewaarden.cyprj -dcpsoc3 Drone_Sensor_juistewaarden.v -verilog
======================================================================

======================================================================
Compiling:  Drone_Sensor_juistewaarden.v
Program  :   vlogfe
Options  :    -yv2 -q10 -ygs -o2 -v3 -.fftcfgtype=LE -ya -.fftprj=C:\Users\Sebas\Desktop\Drone_Sensor_juistewaarden.cydsn\Drone_Sensor_juistewaarden.cyprj -dcpsoc3 -verilog Drone_Sensor_juistewaarden.v
======================================================================

vlogfe V6.3 IR 41:  Verilog parser
Wed Nov 29 21:22:50 2017


======================================================================
Compiling:  Drone_Sensor_juistewaarden.v
Program  :   vpp
Options  :    -yv2 -q10 Drone_Sensor_juistewaarden.v
======================================================================

vpp V6.3 IR 41:  Verilog Pre-Processor
Wed Nov 29 21:22:50 2017

Flattening file 'D:\PSOC\PSoC Creator\4.1\PSoC Creator\psoc\content\CyPrimitives\cyprimitives.cylib\cy_virtualmux_v1_0\cy_virtualmux_v1_0.v'
Flattening file 'D:\PSOC\PSoC Creator\4.1\PSoC Creator\psoc\content\CyPrimitives\cyprimitives.cylib\ZeroTerminal\ZeroTerminal.v'
Flattening file 'D:\PSOC\PSoC Creator\4.1\PSoC Creator\psoc\content\CyPrimitives\cyprimitives.cylib\or_v1_0\or_v1_0.v'

vpp:  No errors.

Library 'work' => directory 'lcpsoc3'
General_symbol_table
General_symbol_table
Linking 'D:\PSOC\PSoC Creator\4.1\PSoC Creator\warp\lib\common\std.vhd'.
Linking 'D:\PSOC\PSoC Creator\4.1\PSoC Creator\warp\lib\common\cypress.vhd'.
Linking 'D:\PSOC\PSoC Creator\4.1\PSoC Creator\warp\lib\common\work\cypress.vif'.
Linking 'D:\PSOC\PSoC Creator\4.1\PSoC Creator\warp\lib\ieee\work\stdlogic.vif'.
Linking 'D:\PSOC\PSoC Creator\4.1\PSoC Creator\warp\lib\common\stdlogic\lpmpkg.vif'.
Linking 'D:\PSOC\PSoC Creator\4.1\PSoC Creator\warp\lib\common\stdlogic\rtlpkg.vif'.
Linking 'D:\PSOC\PSoC Creator\4.1\PSoC Creator\warp\lib\common\stdlogic\mod_cnst.vif'.
Linking 'D:\PSOC\PSoC Creator\4.1\PSoC Creator\warp\lib\common\stdlogic\mod_mthv.vif'.
Linking 'D:\PSOC\PSoC Creator\4.1\PSoC Creator\warp\lib\common\stdlogic\mod_genv.vif'.
Using control file 'Drone_Sensor_juistewaarden.ctl'.

vlogfe:  No errors.


======================================================================
Compiling:  Drone_Sensor_juistewaarden.v
Program  :   tovif
Options  :    -yv2 -q10 -ygs -o2 -v3 -.fftcfgtype=LE -ya -.fftprj=C:\Users\Sebas\Desktop\Drone_Sensor_juistewaarden.cydsn\Drone_Sensor_juistewaarden.cyprj -dcpsoc3 -verilog Drone_Sensor_juistewaarden.v
======================================================================

tovif V6.3 IR 41:  High-level synthesis
Wed Nov 29 21:22:50 2017

Linking 'D:\PSOC\PSoC Creator\4.1\PSoC Creator\warp\lib\common\std.vhd'.
Linking 'D:\PSOC\PSoC Creator\4.1\PSoC Creator\warp\lib\common\cypress.vhd'.
Linking 'D:\PSOC\PSoC Creator\4.1\PSoC Creator\warp\lib\common\work\cypress.vif'.
Linking 'D:\PSOC\PSoC Creator\4.1\PSoC Creator\warp\lib\ieee\work\stdlogic.vif'.
Linking 'D:\PSOC\PSoC Creator\4.1\PSoC Creator\warp\lib\common\stdlogic\lpmpkg.vif'.
Linking 'D:\PSOC\PSoC Creator\4.1\PSoC Creator\warp\lib\common\stdlogic\rtlpkg.vif'.
Linking 'D:\PSOC\PSoC Creator\4.1\PSoC Creator\warp\lib\common\stdlogic\mod_cnst.vif'.
Linking 'D:\PSOC\PSoC Creator\4.1\PSoC Creator\warp\lib\common\stdlogic\mod_mthv.vif'.
Linking 'D:\PSOC\PSoC Creator\4.1\PSoC Creator\warp\lib\common\stdlogic\mod_genv.vif'.
Linking 'C:\Users\Sebas\Desktop\Drone_Sensor_juistewaarden.cydsn\codegentemp\Drone_Sensor_juistewaarden.ctl'.
Linking 'D:\PSOC\PSoC Creator\4.1\PSoC Creator\psoc\content\CyPrimitives\cyprimitives.cylib\cy_virtualmux_v1_0\cy_virtualmux_v1_0.v'.
Linking 'C:\Users\Sebas\Desktop\Drone_Sensor_juistewaarden.cydsn\codegentemp\Drone_Sensor_juistewaarden.v'.
Linking 'D:\PSOC\PSoC Creator\4.1\PSoC Creator\psoc\content\CyPrimitives\cyprimitives.cylib\ZeroTerminal\ZeroTerminal.v'.
Linking 'D:\PSOC\PSoC Creator\4.1\PSoC Creator\psoc\content\CyPrimitives\cyprimitives.cylib\or_v1_0\or_v1_0.v'.

tovif:  No errors.


======================================================================
Compiling:  Drone_Sensor_juistewaarden.v
Program  :   topld
Options  :    -yv2 -q10 -ygs -o2 -v3 -.fftcfgtype=LE -ya -.fftprj=C:\Users\Sebas\Desktop\Drone_Sensor_juistewaarden.cydsn\Drone_Sensor_juistewaarden.cyprj -dcpsoc3 -verilog Drone_Sensor_juistewaarden.v
======================================================================

topld V6.3 IR 41:  Synthesis and optimization
Wed Nov 29 21:22:50 2017

Linking 'D:\PSOC\PSoC Creator\4.1\PSoC Creator\warp\lib\common\std.vhd'.
Linking 'D:\PSOC\PSoC Creator\4.1\PSoC Creator\warp\lib\common\cypress.vhd'.
Linking 'D:\PSOC\PSoC Creator\4.1\PSoC Creator\warp\lib\common\work\cypress.vif'.
Linking 'D:\PSOC\PSoC Creator\4.1\PSoC Creator\warp\lib\ieee\work\stdlogic.vif'.
Linking 'D:\PSOC\PSoC Creator\4.1\PSoC Creator\warp\lib\common\stdlogic\lpmpkg.vif'.
Linking 'D:\PSOC\PSoC Creator\4.1\PSoC Creator\warp\lib\common\stdlogic\rtlpkg.vif'.
Linking 'D:\PSOC\PSoC Creator\4.1\PSoC Creator\warp\lib\common\stdlogic\mod_cnst.vif'.
Linking 'D:\PSOC\PSoC Creator\4.1\PSoC Creator\warp\lib\common\stdlogic\mod_mthv.vif'.
Linking 'D:\PSOC\PSoC Creator\4.1\PSoC Creator\warp\lib\common\stdlogic\mod_genv.vif'.
Linking 'C:\Users\Sebas\Desktop\Drone_Sensor_juistewaarden.cydsn\codegentemp\Drone_Sensor_juistewaarden.ctl'.
Linking 'D:\PSOC\PSoC Creator\4.1\PSoC Creator\psoc\content\CyPrimitives\cyprimitives.cylib\cy_virtualmux_v1_0\cy_virtualmux_v1_0.v'.
Linking 'C:\Users\Sebas\Desktop\Drone_Sensor_juistewaarden.cydsn\codegentemp\Drone_Sensor_juistewaarden.v'.
Linking 'D:\PSOC\PSoC Creator\4.1\PSoC Creator\psoc\content\CyPrimitives\cyprimitives.cylib\ZeroTerminal\ZeroTerminal.v'.
Linking 'D:\PSOC\PSoC Creator\4.1\PSoC Creator\psoc\content\CyPrimitives\cyprimitives.cylib\or_v1_0\or_v1_0.v'.
Linking 'D:\PSOC\PSoC Creator\4.1\PSoC Creator\warp\lib\lcpsoc3\stdlogic\cpsoc3.vif'.

----------------------------------------------------------
Detecting unused logic.
----------------------------------------------------------
    User names
	\I2C_MPU6050:Net_1257\
	\I2C_MPU6050:uncfg_rx_irq\
	\I2C_MPU6050:Net_1099\
	\I2C_MPU6050:Net_1258\
	Net_21
	Net_30
	Net_31
	Net_32
	Net_33
	Net_34
	Net_35
	Net_36
	Net_38
	Net_41
	\SERIAL:Net_1257\
	\SERIAL:uncfg_rx_irq\
	\SERIAL:Net_1099\
	\SERIAL:Net_1258\
	Net_43
	Net_52
	Net_53
	Net_54
	Net_55
	Net_56
	Net_57
	Net_58
	Net_60
	Net_63


Deleted 28 User equations/components.
Deleted 0 Synthesized equations/components.

------------------------------------------------------
Alias Detection
------------------------------------------------------
Aliasing \I2C_MPU6050:rx_wire\ to \I2C_MPU6050:select_s_wire\
Aliasing \I2C_MPU6050:sclk_s_wire\ to \I2C_MPU6050:select_s_wire\
Aliasing \I2C_MPU6050:mosi_s_wire\ to \I2C_MPU6050:select_s_wire\
Aliasing \I2C_MPU6050:miso_m_wire\ to \I2C_MPU6050:select_s_wire\
Aliasing zero to \I2C_MPU6050:select_s_wire\
Aliasing one to \I2C_MPU6050:tmpOE__sda_net_0\
Aliasing \I2C_MPU6050:tmpOE__scl_net_0\ to \I2C_MPU6050:tmpOE__sda_net_0\
Aliasing \I2C_MPU6050:cts_wire\ to \I2C_MPU6050:select_s_wire\
Aliasing \SERIAL:select_s_wire\ to \I2C_MPU6050:select_s_wire\
Aliasing \SERIAL:sclk_s_wire\ to \I2C_MPU6050:select_s_wire\
Aliasing \SERIAL:mosi_s_wire\ to \I2C_MPU6050:select_s_wire\
Aliasing \SERIAL:miso_m_wire\ to \I2C_MPU6050:select_s_wire\
Aliasing \SERIAL:tmpOE__tx_net_0\ to \I2C_MPU6050:tmpOE__sda_net_0\
Aliasing \SERIAL:tmpOE__rx_net_0\ to \I2C_MPU6050:tmpOE__sda_net_0\
Aliasing \SERIAL:cts_wire\ to \I2C_MPU6050:select_s_wire\
Removing Lhs of wire \I2C_MPU6050:rx_wire\[3] = \I2C_MPU6050:select_s_wire\[2]
Removing Lhs of wire \I2C_MPU6050:Net_1170\[6] = \I2C_MPU6050:Net_847\[1]
Removing Lhs of wire \I2C_MPU6050:sclk_s_wire\[7] = \I2C_MPU6050:select_s_wire\[2]
Removing Lhs of wire \I2C_MPU6050:mosi_s_wire\[8] = \I2C_MPU6050:select_s_wire\[2]
Removing Lhs of wire \I2C_MPU6050:miso_m_wire\[9] = \I2C_MPU6050:select_s_wire\[2]
Removing Rhs of wire zero[12] = \I2C_MPU6050:select_s_wire\[2]
Removing Rhs of wire one[16] = \I2C_MPU6050:tmpOE__sda_net_0\[11]
Removing Lhs of wire \I2C_MPU6050:tmpOE__scl_net_0\[19] = one[16]
Removing Lhs of wire \I2C_MPU6050:cts_wire\[28] = zero[12]
Removing Lhs of wire \SERIAL:select_s_wire\[54] = zero[12]
Removing Rhs of wire \SERIAL:rx_wire\[55] = \SERIAL:Net_1268\[56]
Removing Lhs of wire \SERIAL:Net_1170\[59] = \SERIAL:Net_847\[53]
Removing Lhs of wire \SERIAL:sclk_s_wire\[60] = zero[12]
Removing Lhs of wire \SERIAL:mosi_s_wire\[61] = zero[12]
Removing Lhs of wire \SERIAL:miso_m_wire\[62] = zero[12]
Removing Lhs of wire \SERIAL:tmpOE__tx_net_0\[64] = one[16]
Removing Lhs of wire \SERIAL:tmpOE__rx_net_0\[73] = one[16]
Removing Lhs of wire \SERIAL:cts_wire\[77] = zero[12]

------------------------------------------------------
Aliased 0 equations, 18 wires.
------------------------------------------------------

----------------------------------------------------------
Circuit simplification
----------------------------------------------------------

Substituting virtuals - pass 1:


----------------------------------------------------------
Circuit simplification results:

	Expanded 0 signals.
	Turned 0 signals into soft nodes.
	Maximum default expansion cost was set at 3.
----------------------------------------------------------

topld:  No errors.

CYPRESS_DIR    : D:\PSOC\PSoC Creator\4.1\PSoC Creator\warp
Warp Program   : D:\PSOC\PSoC Creator\4.1\PSoC Creator\warp\bin\warp.exe
Warp Arguments : -yv2 -q10 -ygs -o2 -v3 -.fftcfgtype=LE -ya -.fftprj=C:\Users\Sebas\Desktop\Drone_Sensor_juistewaarden.cydsn\Drone_Sensor_juistewaarden.cyprj -dcpsoc3 Drone_Sensor_juistewaarden.v -verilog
</CYPRESSTAG>
Warp synthesis phase: Elapsed time ==> 0s.265ms
<CYPRESSTAG name="Fitter results...">
<CYPRESSTAG name="Fitter startup details...">
cyp3fit: V4.1.0.3210, Family: PSoC3, Started at: Wednesday, 29 November 2017 21:22:50
Options: -yv2 -q10 -ygs -o2 -v3 -.fftcfgtype=LE -ya -.fftprj=C:\Users\Sebas\Desktop\Drone_Sensor_juistewaarden.cydsn\Drone_Sensor_juistewaarden.cyprj -d CY8C4245AXI-483 Drone_Sensor_juistewaarden.v -verilog
</CYPRESSTAG>
<CYPRESSTAG name="Design parsing">
Design parsing phase: Elapsed time ==> 0s.007ms
</CYPRESSTAG>
<CYPRESSTAG name="Tech Mapping">
<CYPRESSTAG name="Initial Mapping" icon="FILE_RPT_TECHM">
<CYPRESSTAG name="Global Clock Selection" icon="FILE_RPT_TECHM">
    Fixed Function Clock 2: Automatic-assigning  clock 'I2C_MPU6050_SCBCLK'. Signal=\I2C_MPU6050:Net_847_ff2\
    Fixed Function Clock 3: Automatic-assigning  clock 'SERIAL_SCBCLK'. Signal=\SERIAL:Net_847_ff3\
<CYPRESSTAG name="UDB Clock/Enable Remapping Results">
</CYPRESSTAG>
</CYPRESSTAG>

Removing unused cells resulting from optimization
Done removing unused cells.
<CYPRESSTAG name="Duplicate Macrocell detection">
</CYPRESSTAG>
</CYPRESSTAG>
<CYPRESSTAG name="Duplicate Macrocell detection">
</CYPRESSTAG>
<CYPRESSTAG name="Design Equations" icon="FILE_RPT_EQUATION">

------------------------------------------------------------
Design Equations
------------------------------------------------------------
    <CYPRESSTAG name="Pin listing">

    ------------------------------------------------------------
    Pin listing
    ------------------------------------------------------------

    Pin : Name = \I2C_MPU6050:sda(0)\
        Attributes:
            In Group/Port: True
            In Sync Option: NOSYNC
            Out Sync Option: NOSYNC
            Interrupt generated: False
            Interrupt mode: NONE
            Drive mode: OPEN_DRAIN_LO
            VTrip: CMOS
            Slew: FAST
            Input Sync needed: False
            Output Sync needed: False
            SC shield enabled: False
            POR State: ANY
            LCD Mode: COMMON
            Register Mode: RegComb
            CaSense Mode: NEITHER
            Treat as pin: True
            Is OE Registered: False
            Uses Analog: False
            Can contain Digital: True
            Is SIO: False
            SIO Output Buf: NONREGULATED
            SIO Input Buf: SINGLE_ENDED
            SIO HiFreq: LOW
            SIO Hyst: DISABLED
            SIO Vtrip: MULTIPLIER_0_5
            SIO Multiplier Index: 0
            SIO RefSel: VCC_IO
            Required Capabilities: DIGITAL
            Initial Value: 1
            IO Voltage: 0
        PORT MAP (
            pa_out => \I2C_MPU6050:sda(0)\__PA ,
            fb => Net_40 ,
            pad => \I2C_MPU6050:sda(0)_PAD\ );
        Properties:
        {
        }

    Pin : Name = \I2C_MPU6050:scl(0)\
        Attributes:
            In Group/Port: True
            In Sync Option: NOSYNC
            Out Sync Option: NOSYNC
            Interrupt generated: False
            Interrupt mode: NONE
            Drive mode: OPEN_DRAIN_LO
            VTrip: CMOS
            Slew: FAST
            Input Sync needed: False
            Output Sync needed: False
            SC shield enabled: False
            POR State: ANY
            LCD Mode: COMMON
            Register Mode: RegComb
            CaSense Mode: NEITHER
            Treat as pin: True
            Is OE Registered: False
            Uses Analog: False
            Can contain Digital: True
            Is SIO: False
            SIO Output Buf: NONREGULATED
            SIO Input Buf: SINGLE_ENDED
            SIO HiFreq: LOW
            SIO Hyst: DISABLED
            SIO Vtrip: MULTIPLIER_0_5
            SIO Multiplier Index: 0
            SIO RefSel: VCC_IO
            Required Capabilities: DIGITAL
            Initial Value: 1
            IO Voltage: 0
        PORT MAP (
            pa_out => \I2C_MPU6050:scl(0)\__PA ,
            fb => Net_39 ,
            pad => \I2C_MPU6050:scl(0)_PAD\ );
        Properties:
        {
        }

    Pin : Name = \SERIAL:tx(0)\
        Attributes:
            In Group/Port: True
            In Sync Option: NOSYNC
            Out Sync Option: NOSYNC
            Interrupt generated: False
            Interrupt mode: NONE
            Drive mode: CMOS_OUT
            VTrip: CMOS
            Slew: FAST
            Input Sync needed: False
            Output Sync needed: False
            SC shield enabled: False
            POR State: ANY
            LCD Mode: COMMON
            Register Mode: RegComb
            CaSense Mode: NEITHER
            Treat as pin: True
            Is OE Registered: False
            Uses Analog: False
            Can contain Digital: True
            Is SIO: False
            SIO Output Buf: NONREGULATED
            SIO Input Buf: SINGLE_ENDED
            SIO HiFreq: LOW
            SIO Hyst: DISABLED
            SIO Vtrip: MULTIPLIER_0_5
            SIO Multiplier Index: 0
            SIO RefSel: VCC_IO
            Required Capabilities: DIGITAL
            Initial Value: 1
            IO Voltage: 0
        PORT MAP (
            pa_out => \SERIAL:tx(0)\__PA ,
            pin_input => \SERIAL:tx_wire\ ,
            pad => \SERIAL:tx(0)_PAD\ );
        Properties:
        {
        }

    Pin : Name = \SERIAL:rx(0)\
        Attributes:
            In Group/Port: True
            In Sync Option: NOSYNC
            Out Sync Option: AUTO
            Interrupt generated: False
            Interrupt mode: NONE
            Drive mode: HI_Z_DIGITAL
            VTrip: CMOS
            Slew: FAST
            Input Sync needed: False
            Output Sync needed: False
            SC shield enabled: False
            POR State: ANY
            LCD Mode: COMMON
            Register Mode: RegComb
            CaSense Mode: NEITHER
            Treat as pin: True
            Is OE Registered: False
            Uses Analog: False
            Can contain Digital: True
            Is SIO: False
            SIO Output Buf: NONREGULATED
            SIO Input Buf: SINGLE_ENDED
            SIO HiFreq: LOW
            SIO Hyst: DISABLED
            SIO Vtrip: MULTIPLIER_0_5
            SIO Multiplier Index: 0
            SIO RefSel: VCC_IO
            Required Capabilities: DIGITAL
            Initial Value: 0
            IO Voltage: 0
        PORT MAP (
            pa_out => \SERIAL:rx(0)\__PA ,
            fb => \SERIAL:rx_wire\ ,
            pad => \SERIAL:rx(0)_PAD\ );
        Properties:
        {
        }
    </CYPRESSTAG>
    <CYPRESSTAG name="Macrocell listing" icon="FILE_RPT_EQUATION">
    </CYPRESSTAG>
    <CYPRESSTAG name="Datapath listing">
    </CYPRESSTAG>
    <CYPRESSTAG name="Status register listing">
    </CYPRESSTAG>
    <CYPRESSTAG name="StatusI register listing">
    </CYPRESSTAG>
    <CYPRESSTAG name="Sync listing">
    </CYPRESSTAG>
    <CYPRESSTAG name="Control register listing">
    </CYPRESSTAG>
    <CYPRESSTAG name="Count7 listing">
    </CYPRESSTAG>
    <CYPRESSTAG name="DRQ listing">
    </CYPRESSTAG>
    <CYPRESSTAG name="Interrupt listing">

    ------------------------------------------------------------
    Interrupt listing
    ------------------------------------------------------------

    interrupt: Name =\I2C_MPU6050:SCB_IRQ\
        PORT MAP (
            interrupt => Net_22 );
        Properties:
        {
            int_type = "10"
            is_nmi = 0
        }
    </CYPRESSTAG>
</CYPRESSTAG>
<CYPRESSTAG name="Technology mapping summary" expanded>

------------------------------------------------------------
Technology mapping summary
------------------------------------------------------------

Resource Type                 : Used : Free :  Max :  % Used
============================================================
Digital Clocks                :    0 :    4 :    4 :  0.00 %
Interrupts                    :    1 :   31 :   32 :  3.13 %
IO                            :    6 :   30 :   36 : 16.67 %
Segment LCD                   :    0 :    1 :    1 :  0.00 %
CapSense                      :    0 :    1 :    1 :  0.00 %
Die Temp                      :    0 :    1 :    1 :  0.00 %
Serial Communication (SCB)    :    2 :    0 :    2 : 100.00 %
Timer/Counter/PWM             :    0 :    4 :    4 :  0.00 %
UDB                           :      :      :      :        
  Macrocells                  :    0 :   32 :   32 :  0.00 %
  Unique P-terms              :    0 :   64 :   64 :  0.00 %
  Total P-terms               :    0 :      :      :        
  Datapath Cells              :    0 :    4 :    4 :  0.00 %
  Status Cells                :    0 :    4 :    4 :  0.00 %
  Control Cells               :    0 :    4 :    4 :  0.00 %
Comparator/Opamp              :    0 :    2 :    2 :  0.00 %
LP Comparator                 :    0 :    2 :    2 :  0.00 %
SAR ADC                       :    0 :    1 :    1 :  0.00 %
DAC                           :      :      :      :        
  7-bit IDAC                  :    0 :    1 :    1 :  0.00 %
  8-bit IDAC                  :    0 :    1 :    1 :  0.00 %
</CYPRESSTAG>
Technology Mapping: Elapsed time ==> 0s.011ms
Tech Mapping phase: Elapsed time ==> 0s.027ms
</CYPRESSTAG>
<CYPRESSTAG name="Analog Placement">
<CYPRESSTAG name="FFB & IO Pre Placement">
<CYPRESSTAG name="Placement" icon="FILE_RPT_PLACEMENT">

Cell                                : Block                              
=========================================================================
\I2C_MPU6050:sda(0)\                : [IOP=(0)][IoId=(5)]                
\I2C_MPU6050:scl(0)\                : [IOP=(0)][IoId=(4)]                
\SERIAL:tx(0)\                      : [IOP=(4)][IoId=(1)]                
\SERIAL:rx(0)\                      : [IOP=(4)][IoId=(0)]                
ClockGenBlock                       : CLK_GEN_[FFB(CLK_GEN,0)]           
\I2C_MPU6050:SCB\                   : SCB_[FFB(SCB,1)]                   
\SERIAL:SCB\                        : SCB_[FFB(SCB,0)]                   

</CYPRESSTAG>
</CYPRESSTAG>
<CYPRESSTAG name="Real Analog Placement">
Elapsed time ==> 0.1203908s
</CYPRESSTAG>
Analog Placement phase: Elapsed time ==> 0s.266ms
</CYPRESSTAG>
<CYPRESSTAG name="Analog Routing">
<CYPRESSTAG name="Analog Routing">
Route success=True, Iterations=1 Elapsed=0.0007449 secs
</CYPRESSTAG>
Analog Routing phase: Elapsed time ==> 0s.001ms
</CYPRESSTAG>
<CYPRESSTAG name="Analog Code Generation">
============ Analog Final Answer Routes ============
Dump of CyAnalogRoutingResultsDB
Map of net to items {
}
Map of item to net {
}
Mux Info {
}
Analog Code Generation phase: Elapsed time ==> 0s.014ms
</CYPRESSTAG>
<CYPRESSTAG name="Digital Placement">
<CYPRESSTAG name="Detailed placement messages">
I2659: No Constrained paths were found. The placer will run in non-timing driven mode.
I2076: Total run-time: 0.2 sec.

</CYPRESSTAG>
<CYPRESSTAG name="PLD Packing">
<CYPRESSTAG name="PLD Packing Summary">
No PLDs were packed.
</CYPRESSTAG>
PLD Packing: Elapsed time ==> 0s.000ms
</CYPRESSTAG>
<CYPRESSTAG name="Partitioning">
<CYPRESSTAG name="Initial Partitioning Summary">
Initial Partitioning Summary not displayed at this verbose level.</CYPRESSTAG>
<CYPRESSTAG name="Final Partitioning Summary">
Final Partitioning Summary not displayed at this verbose level.</CYPRESSTAG>
Partitioning: Elapsed time ==> 0s.007ms
</CYPRESSTAG>
<CYPRESSTAG name="Final Placement Summary">

------------------------------------------------------------
Final Placement Summary
------------------------------------------------------------

       Resource Type :      Count : Avg Inputs : Avg Outputs
    ========================================================
                 UDB :          0 :       0.00 :       0.00
<CYPRESSTAG name="Final Placement Details">
<CYPRESSTAG name="Component Details">

------------------------------------------------------------
Component Placement Details
------------------------------------------------------------
UDB [UDB=(0,0)] is empty.
UDB [UDB=(0,1)] is empty.
UDB [UDB=(1,0)] is empty.
UDB [UDB=(1,1)] is empty.
Intr container @ [IntrContainer=(0)]: 
  Intr@ [IntrContainer=(0)][IntrId=(11)] 
    interrupt: Name =\I2C_MPU6050:SCB_IRQ\
        PORT MAP (
            interrupt => Net_22 );
        Properties:
        {
            int_type = "10"
            is_nmi = 0
        }
Port 0 contains the following IO cells:
[IoId=4]: 
Pin : Name = \I2C_MPU6050:scl(0)\
    Attributes:
        In Group/Port: True
        In Sync Option: NOSYNC
        Out Sync Option: NOSYNC
        Interrupt generated: False
        Interrupt mode: NONE
        Drive mode: OPEN_DRAIN_LO
        VTrip: CMOS
        Slew: FAST
        Input Sync needed: False
        Output Sync needed: False
        SC shield enabled: False
        POR State: ANY
        LCD Mode: COMMON
        Register Mode: RegComb
        CaSense Mode: NEITHER
        Treat as pin: True
        Is OE Registered: False
        Uses Analog: False
        Can contain Digital: True
        Is SIO: False
        SIO Output Buf: NONREGULATED
        SIO Input Buf: SINGLE_ENDED
        SIO HiFreq: LOW
        SIO Hyst: DISABLED
        SIO Vtrip: MULTIPLIER_0_5
        SIO Multiplier Index: 0
        SIO RefSel: VCC_IO
        Required Capabilities: DIGITAL
        Initial Value: 1
        IO Voltage: 0
    PORT MAP (
        pa_out => \I2C_MPU6050:scl(0)\__PA ,
        fb => Net_39 ,
        pad => \I2C_MPU6050:scl(0)_PAD\ );
    Properties:
    {
    }

[IoId=5]: 
Pin : Name = \I2C_MPU6050:sda(0)\
    Attributes:
        In Group/Port: True
        In Sync Option: NOSYNC
        Out Sync Option: NOSYNC
        Interrupt generated: False
        Interrupt mode: NONE
        Drive mode: OPEN_DRAIN_LO
        VTrip: CMOS
        Slew: FAST
        Input Sync needed: False
        Output Sync needed: False
        SC shield enabled: False
        POR State: ANY
        LCD Mode: COMMON
        Register Mode: RegComb
        CaSense Mode: NEITHER
        Treat as pin: True
        Is OE Registered: False
        Uses Analog: False
        Can contain Digital: True
        Is SIO: False
        SIO Output Buf: NONREGULATED
        SIO Input Buf: SINGLE_ENDED
        SIO HiFreq: LOW
        SIO Hyst: DISABLED
        SIO Vtrip: MULTIPLIER_0_5
        SIO Multiplier Index: 0
        SIO RefSel: VCC_IO
        Required Capabilities: DIGITAL
        Initial Value: 1
        IO Voltage: 0
    PORT MAP (
        pa_out => \I2C_MPU6050:sda(0)\__PA ,
        fb => Net_40 ,
        pad => \I2C_MPU6050:sda(0)_PAD\ );
    Properties:
    {
    }

Port 1 contains the following IO cells:
Port 2 contains the following IO cells:
Port 3 contains the following IO cells:
Port 4 contains the following IO cells:
[IoId=0]: 
Pin : Name = \SERIAL:rx(0)\
    Attributes:
        In Group/Port: True
        In Sync Option: NOSYNC
        Out Sync Option: AUTO
        Interrupt generated: False
        Interrupt mode: NONE
        Drive mode: HI_Z_DIGITAL
        VTrip: CMOS
        Slew: FAST
        Input Sync needed: False
        Output Sync needed: False
        SC shield enabled: False
        POR State: ANY
        LCD Mode: COMMON
        Register Mode: RegComb
        CaSense Mode: NEITHER
        Treat as pin: True
        Is OE Registered: False
        Uses Analog: False
        Can contain Digital: True
        Is SIO: False
        SIO Output Buf: NONREGULATED
        SIO Input Buf: SINGLE_ENDED
        SIO HiFreq: LOW
        SIO Hyst: DISABLED
        SIO Vtrip: MULTIPLIER_0_5
        SIO Multiplier Index: 0
        SIO RefSel: VCC_IO
        Required Capabilities: DIGITAL
        Initial Value: 0
        IO Voltage: 0
    PORT MAP (
        pa_out => \SERIAL:rx(0)\__PA ,
        fb => \SERIAL:rx_wire\ ,
        pad => \SERIAL:rx(0)_PAD\ );
    Properties:
    {
    }

[IoId=1]: 
Pin : Name = \SERIAL:tx(0)\
    Attributes:
        In Group/Port: True
        In Sync Option: NOSYNC
        Out Sync Option: NOSYNC
        Interrupt generated: False
        Interrupt mode: NONE
        Drive mode: CMOS_OUT
        VTrip: CMOS
        Slew: FAST
        Input Sync needed: False
        Output Sync needed: False
        SC shield enabled: False
        POR State: ANY
        LCD Mode: COMMON
        Register Mode: RegComb
        CaSense Mode: NEITHER
        Treat as pin: True
        Is OE Registered: False
        Uses Analog: False
        Can contain Digital: True
        Is SIO: False
        SIO Output Buf: NONREGULATED
        SIO Input Buf: SINGLE_ENDED
        SIO HiFreq: LOW
        SIO Hyst: DISABLED
        SIO Vtrip: MULTIPLIER_0_5
        SIO Multiplier Index: 0
        SIO RefSel: VCC_IO
        Required Capabilities: DIGITAL
        Initial Value: 1
        IO Voltage: 0
    PORT MAP (
        pa_out => \SERIAL:tx(0)\__PA ,
        pin_input => \SERIAL:tx_wire\ ,
        pad => \SERIAL:tx(0)_PAD\ );
    Properties:
    {
    }

ARM group 0: empty
Clock group 0: 
    Clock Block @ F(Clock,0): 
    m0s8clockblockcell: Name =ClockBlock
        PORT MAP (
            hfclk => ClockBlock_HFCLK ,
            imo => ClockBlock_IMO ,
            ext => ClockBlock_EXTCLK ,
            sysclk => ClockBlock_SYSCLK ,
            ilo => ClockBlock_ILO ,
            lfclk => ClockBlock_LFCLK ,
            dsi_in_0 => ClockBlock_Routed1 ,
            ff_div_2 => \I2C_MPU6050:Net_847_ff2\ ,
            ff_div_3 => \SERIAL:Net_847_ff3\ );
        Properties:
        {
        }
LCD group 0: empty
PICU group 0: empty
LPCOMP group 0: empty
SCB group 0: 
    SCB Block @ F(SCB,0): 
    m0s8scbcell: Name =\SERIAL:SCB\
        PORT MAP (
            clock => \SERIAL:Net_847_ff3\ ,
            interrupt => Net_44 ,
            uart_rx => \SERIAL:rx_wire\ ,
            uart_tx => \SERIAL:tx_wire\ ,
            uart_rts => \SERIAL:rts_wire\ ,
            mosi_m => \SERIAL:mosi_m_wire\ ,
            select_m_3 => \SERIAL:select_m_wire_3\ ,
            select_m_2 => \SERIAL:select_m_wire_2\ ,
            select_m_1 => \SERIAL:select_m_wire_1\ ,
            select_m_0 => \SERIAL:select_m_wire_0\ ,
            sclk_m => \SERIAL:sclk_m_wire\ ,
            miso_s => \SERIAL:miso_s_wire\ ,
            tr_tx_req => Net_47 ,
            tr_rx_req => Net_46 );
        Properties:
        {
            cy_registers = ""
            scb_mode = 2
        }
    SCB Block @ F(SCB,1): 
    m0s8scbcell: Name =\I2C_MPU6050:SCB\
        PORT MAP (
            clock => \I2C_MPU6050:Net_847_ff2\ ,
            interrupt => Net_22 ,
            uart_tx => \I2C_MPU6050:tx_wire\ ,
            uart_rts => \I2C_MPU6050:rts_wire\ ,
            mosi_m => \I2C_MPU6050:mosi_m_wire\ ,
            select_m_3 => \I2C_MPU6050:select_m_wire_3\ ,
            select_m_2 => \I2C_MPU6050:select_m_wire_2\ ,
            select_m_1 => \I2C_MPU6050:select_m_wire_1\ ,
            select_m_0 => \I2C_MPU6050:select_m_wire_0\ ,
            sclk_m => \I2C_MPU6050:sclk_m_wire\ ,
            miso_s => \I2C_MPU6050:miso_s_wire\ ,
            i2c_scl => Net_39 ,
            i2c_sda => Net_40 ,
            tr_tx_req => Net_25 ,
            tr_rx_req => Net_24 );
        Properties:
        {
            cy_registers = ""
            scb_mode = 0
        }
CSD group 0: empty
CSIDAC8 group 0: empty
CSIDAC7 group 0: empty
TCPWM group 0: empty
OA group 0: empty
TEMP group 0: empty
SARADC group 0: empty
CLK_GEN group 0: 
    M0S8 Clock Gen Block @ F(CLK_GEN,0): 
    m0s8clockgenblockcell: Name =ClockGenBlock
        PORT MAP (
             );
        Properties:
        {
        }
LPCOMPBLOCK group 0: empty
PASSBLOCK group 0: empty
WCO group 0: empty
SRSS group 0: empty
CPUSS group 0: empty
</CYPRESSTAG>
<CYPRESSTAG name="Port Configuration Details">

------------------------------------------------------------
Port Configuration report
------------------------------------------------------------
     |     |       | Interrupt |                  |                      | 
Port | Pin | Fixed |      Type |       Drive Mode |                 Name | Connections
-----+-----+-------+-----------+------------------+----------------------+---------------------
   0 |   4 |     * |      NONE |    OPEN_DRAIN_LO | \I2C_MPU6050:scl(0)\ | FB(Net_39)
     |   5 |     * |      NONE |    OPEN_DRAIN_LO | \I2C_MPU6050:sda(0)\ | FB(Net_40)
-----+-----+-------+-----------+------------------+----------------------+---------------------
   4 |   0 |     * |      NONE |     HI_Z_DIGITAL |       \SERIAL:rx(0)\ | FB(\SERIAL:rx_wire\)
     |   1 |     * |      NONE |         CMOS_OUT |       \SERIAL:tx(0)\ | In(\SERIAL:tx_wire\)
-----------------------------------------------------------------------------------------------
</CYPRESSTAG>
</CYPRESSTAG>
</CYPRESSTAG>
Digital component placer commit/Report: Elapsed time ==> 0s.005ms
Digital Placement phase: Elapsed time ==> 0s.350ms
</CYPRESSTAG>
<CYPRESSTAG name="Digital Routing">
"D:\PSOC\PSoC Creator\4.1\PSoC Creator\bin/sjrouter.exe" --xml-path "D:\PSOC\PSoC Creator\4.1\PSoC Creator\dev\psoc4/psoc4a/route_arch-rrg.cydata" --vh2-path "Drone_Sensor_juistewaarden_r.vh2" --pcf-path "Drone_Sensor_juistewaarden.pco" --des-name "Drone_Sensor_juistewaarden" --dsf-path "Drone_Sensor_juistewaarden.dsf" --sdc-path "Drone_Sensor_juistewaarden.sdc" --lib-path "Drone_Sensor_juistewaarden_r.lib"
Routing successful.
Digital Routing phase: Elapsed time ==> 0s.464ms
</CYPRESSTAG>
<CYPRESSTAG name="Bitstream Generation">
Bitstream Generation phase: Elapsed time ==> 0s.104ms
</CYPRESSTAG>
<CYPRESSTAG name="Bitstream Verification">
Bitstream Verification phase: Elapsed time ==> 0s.019ms
</CYPRESSTAG>
<CYPRESSTAG name="Static timing analysis">
Timing report is in Drone_Sensor_juistewaarden_timing.html.
Static timing analysis phase: Elapsed time ==> 0s.117ms
</CYPRESSTAG>
<CYPRESSTAG name="Data reporting">
Data reporting phase: Elapsed time ==> 0s.000ms
</CYPRESSTAG>
<CYPRESSTAG name="Database update...">
Design database save phase: Elapsed time ==> 0s.126ms
</CYPRESSTAG>
cydsfit: Elapsed time ==> 1s.516ms
</CYPRESSTAG>
Fitter phase: Elapsed time ==> 1s.516ms
API generation phase: Elapsed time ==> 1s.178ms
Dependency generation phase: Elapsed time ==> 0s.007ms
Cleanup phase: Elapsed time ==> 0s.000ms
